> Task :compileJava UP-TO-DATE
> Task :processResources UP-TO-DATE
> Task :classes UP-TO-DATE
> Task :resolveMainClassName UP-TO-DATE

> Task :bootRun
Standard Commons Logging discovery in action with spring-jcl: please remove commons-logging.jar from classpath in order to avoid potential conflicts

  .   ____          _            __ _ _
 /\\ / ___'_ __ _ _(_)_ __  __ _ \ \ \ \
( ( )\___ | '_ | '_| | '_ \/ _` | \ \ \ \
 \\/  ___)| |_)| | | | | || (_| |  ) ) ) )
  '  |____| .__|_| |_|_| |_\__, | / / / /
 =========|_|==============|___/=/_/_/_/
 :: Spring Boot ::                (v3.2.4)

2026-06-13T18:29:08.937Z  INFO 74750 --- [           main] com.resumeai.ResumeAiApplication         : Starting ResumeAiApplication using Java 21.0.10 with PID 74750 (/app/backend/build/classes/java/main started by jules in /app/backend)
2026-06-13T18:29:08.942Z  INFO 74750 --- [           main] com.resumeai.ResumeAiApplication         : No active profile set, falling back to 1 default profile: "default"
2026-06-13T18:29:10.527Z  INFO 74750 --- [           main] o.s.b.w.embedded.tomcat.TomcatWebServer  : Tomcat initialized with port 8080 (http)
2026-06-13T18:29:10.548Z  INFO 74750 --- [           main] o.apache.catalina.core.StandardService   : Starting service [Tomcat]
2026-06-13T18:29:10.549Z  INFO 74750 --- [           main] o.apache.catalina.core.StandardEngine    : Starting Servlet engine: [Apache Tomcat/10.1.19]
2026-06-13T18:29:10.624Z  INFO 74750 --- [           main] o.a.c.c.C.[Tomcat].[localhost].[/]       : Initializing Spring embedded WebApplicationContext
2026-06-13T18:29:10.625Z  INFO 74750 --- [           main] w.s.c.ServletWebServerApplicationContext : Root WebApplicationContext: initialization completed in 1616 ms
Standard Commons Logging discovery in action with spring-jcl: please remove commons-logging.jar from classpath in order to avoid potential conflicts
2026-06-13T18:29:11.888Z  INFO 74750 --- [           main] o.s.b.w.embedded.tomcat.TomcatWebServer  : Tomcat started on port 8080 (http) with context path ''
2026-06-13T18:29:11.899Z  INFO 74750 --- [           main] com.resumeai.ResumeAiApplication         : Started ResumeAiApplication in 3.579 seconds (process running for 4.273)
